<?xml version="1.0" encoding="UTF-8"?>
<!-- Generated by org.testng.reporters.JUnitReportReporter -->
<testsuite hostname="DESKTOP-M0P2L2S" failures="0" tests="10" name="com.urbanladder.runner.runner2" time="138.288" errors="0" timestamp="2021-09-27T03:13:34 GMT-07:00" skipped="0">
  <testcase classname="com.urbanladder.runner.runner2" name="login" time="10.439"/>
  <system-out/>
  <testcase classname="com.urbanladder.runner.runner2" name="signup" time="12.177"/>
  <system-out/>
  <testcase classname="com.urbanladder.runner.runner2" name="addressValidation" time="21.203"/>
  <system-out/>
  <testcase classname="com.urbanladder.runner.runner2" name="validateTitle" time="9.178"/>
  <system-out/>
  <testcase classname="com.urbanladder.runner.runner2" name="validatingFacebookURL" time="15.730"/>
  <system-out/>
  <testcase classname="com.urbanladder.runner.runner2" name="validateCareersURL" time="9.157"/>
  <system-out/>
  <testcase classname="com.urbanladder.runner.runner2" name="addingToCart" time="22.949"/>
  <system-out/>
  <testcase classname="com.urbanladder.runner.runner2" name="playstore" time="14.082"/>
  <system-out/>
  <testcase classname="com.urbanladder.runner.runner2" name="contactUsValidation" time="13.320"/>
  <system-out/>
  <testcase classname="com.urbanladder.runner.runner2" name="emailSubscriptionValidation" time="10.053"/>
  <system-out/>
</testsuite> <!-- com.urbanladder.runner.runner2 -->
