<?xml version="1.0" encoding="UTF-8"?>
<!-- Generated by org.testng.reporters.JUnitReportReporter -->
<testsuite hostname="DESKTOP-M0P2L2S" failures="0" tests="1" name="com.urbanladder.runner.runner" time="5.989" errors="0" timestamp="2021-09-27T03:10:55 GMT-07:00" skipped="0">
  <testcase classname="com.urbanladder.runner.runner" name="addingToCart" time="5.989"/>
  <system-out/>
</testsuite> <!-- com.urbanladder.runner.runner -->
